<jboss-deployment-structure xmlns="urn:jboss:deployment-structure:1.0">
	<deployment>
		<dependencies>
			<module name="org.jboss.ws.cxf.jbossws-cxf-server" services="export"/>
			<module name="org.apache.ws.security" export="true"/>
			<module name="org.apache.cxf" export="true"/>
			<module name="org.hornetq" export="true"/>
      <module name="org.infinispan" export="true"/>
		</dependencies>
	</deployment>
</jboss-deployment-structure>